# JRE version: OpenJDK Runtime Environment (8.0_112-b06) (build 1.8.0_112-release-b06)
# Java VM: OpenJDK 64-Bit Server VM (25.112-b06 mixed mode windows-amd64 compressed oops)
Heap:
 PSYoungGen      total 107008K, used 40488K [0x00000000eab00000, 0x00000000f4980000, 0x0000000100000000)
  eden space 96256K, 42% used [0x00000000eab00000,0x00000000ed28a208,0x00000000f0900000)
  from space 10752K, 0% used [0x00000000f0900000,0x00000000f0900000,0x00000000f1380000)
  to   space 11264K, 0% used [0x00000000f3e80000,0x00000000f3e80000,0x00000000f4980000)
 ParOldGen       total 66560K, used 16149K [0x00000000c0000000, 0x00000000c4100000, 0x00000000eab00000)
  object space 66560K, 24% used [0x00000000c0000000,0x00000000c0fc54b0,0x00000000c4100000)
 Metaspace       used 35770K, capacity 36574K, committed 36864K, reserved 1081344K
  class space    used 4812K, capacity 5003K, committed 5120K, reserved 1048576K
GC Heap History (10 events):
Event: 3.432 GC heap before
{Heap before GC invocations=5 (full 1):
 PSYoungGen      total 71680K, used 5107K [0x00000000eab00000, 0x00000000ef600000, 0x0000000100000000)
  eden space 66560K, 0% used [0x00000000eab00000,0x00000000eab00000,0x00000000eec00000)
  from space 5120K, 99% used [0x00000000ef100000,0x00000000ef5fcff0,0x00000000ef600000)
  to   space 5120K, 0% used [0x00000000eec00000,0x00000000eec00000,0x00000000ef100000)
 ParOldGen       total 87552K, used 8854K [0x00000000c0000000, 0x00000000c5580000, 0x00000000eab00000)
  object space 87552K, 10% used [0x00000000c0000000,0x00000000c08a5970,0x00000000c5580000)
 Metaspace       used 20750K, capacity 21118K, committed 21248K, reserved 1067008K
  class space    used 2797K, capacity 2975K, committed 3072K, reserved 1048576K
Event: 3.477 GC heap after
Heap after GC invocations=5 (full 1):
 PSYoungGen      total 71680K, used 0K [0x00000000eab00000, 0x00000000ef600000, 0x0000000100000000)
  eden space 66560K, 0% used [0x00000000eab00000,0x00000000eab00000,0x00000000eec00000)
  from space 5120K, 0% used [0x00000000ef100000,0x00000000ef100000,0x00000000ef600000)
  to   space 5120K, 0% used [0x00000000eec00000,0x00000000eec00000,0x00000000ef100000)
 ParOldGen       total 66560K, used 10052K [0x00000000c0000000, 0x00000000c4100000, 0x00000000eab00000)
  object space 66560K, 15% used [0x00000000c0000000,0x00000000c09d12f8,0x00000000c4100000)
 Metaspace       used 20750K, capacity 21118K, committed 21248K, reserved 1067008K
  class space    used 2797K, capacity 2975K, committed 3072K, reserved 1048576K
}
Event: 5.011 GC heap before
{Heap before GC invocations=6 (full 1):
 PSYoungGen      total 71680K, used 66560K [0x00000000eab00000, 0x00000000ef600000, 0x0000000100000000)
  eden space 66560K, 100% used [0x00000000eab00000,0x00000000eec00000,0x00000000eec00000)
  from space 5120K, 0% used [0x00000000ef100000,0x00000000ef100000,0x00000000ef600000)
  to   space 5120K, 0% used [0x00000000eec00000,0x00000000eec00000,0x00000000ef100000)
 ParOldGen       total 66560K, used 10052K [0x00000000c0000000, 0x00000000c4100000, 0x00000000eab00000)
  object space 66560K, 15% used [0x00000000c0000000,0x00000000c09d12f8,0x00000000c4100000)
 Metaspace       used 26073K, capacity 26586K, committed 26624K, reserved 1073152K
  class space    used 3645K, capacity 3807K, committed 3840K, reserved 1048576K
Event: 5.022 GC heap after
Heap after GC invocations=6 (full 1):
 PSYoungGen      total 71680K, used 5101K [0x00000000eab00000, 0x00000000f1f80000, 0x0000000100000000)
  eden space 66560K, 0% used [0x00000000eab00000,0x00000000eab00000,0x00000000eec00000)
  from space 5120K, 99% used [0x00000000eec00000,0x00000000ef0fb728,0x00000000ef100000)
  to   space 10752K, 0% used [0x00000000f1500000,0x00000000f1500000,0x00000000f1f80000)
 ParOldGen       total 66560K, used 12482K [0x00000000c0000000, 0x00000000c4100000, 0x00000000eab00000)
  object space 66560K, 18% used [0x00000000c0000000,0x00000000c0c308d0,0x00000000c4100000)
 Metaspace       used 26073K, capacity 26586K, committed 26624K, reserved 1073152K
  class space    used 3645K, capacity 3807K, committed 3840K, reserved 1048576K
}
Event: 6.128 GC heap before
{Heap before GC invocations=7 (full 1):
 PSYoungGen      total 71680K, used 71661K [0x00000000eab00000, 0x00000000f1f80000, 0x0000000100000000)
  eden space 66560K, 100% used [0x00000000eab00000,0x00000000eec00000,0x00000000eec00000)
  from space 5120K, 99% used [0x00000000eec00000,0x00000000ef0fb728,0x00000000ef100000)
  to   space 10752K, 0% used [0x00000000f1500000,0x00000000f1500000,0x00000000f1f80000)
 ParOldGen       total 66560K, used 12482K [0x00000000c0000000, 0x00000000c4100000, 0x00000000eab00000)
  object space 66560K, 18% used [0x00000000c0000000,0x00000000c0c308d0,0x00000000c4100000)
 Metaspace       used 29784K, capacity 30442K, committed 30720K, reserved 1075200K
  class space    used 4086K, capacity 4278K, committed 4352K, reserved 1048576K
Event: 6.137 GC heap after
Heap after GC invocations=7 (full 1):
 PSYoungGen      total 105472K, used 7531K [0x00000000eab00000, 0x00000000f1e00000, 0x0000000100000000)
  eden space 96256K, 0% used [0x00000000eab00000,0x00000000eab00000,0x00000000f0900000)
  from space 9216K, 81% used [0x00000000f1500000,0x00000000f1c5ac10,0x00000000f1e00000)
  to   space 10752K, 0% used [0x00000000f0900000,0x00000000f0900000,0x00000000f1380000)
 ParOldGen       total 66560K, used 12490K [0x00000000c0000000, 0x00000000c4100000, 0x00000000eab00000)
  object space 66560K, 18% used [0x00000000c0000000,0x00000000c0c328d0,0x00000000c4100000)
 Metaspace       used 29784K, capacity 30442K, committed 30720K, reserved 1075200K
  class space    used 4086K, capacity 4278K, committed 4352K, reserved 1048576K
}
Event: 7.041 GC heap before
{Heap before GC invocations=8 (full 1):
 PSYoungGen      total 105472K, used 39053K [0x00000000eab00000, 0x00000000f1e00000, 0x0000000100000000)
  eden space 96256K, 32% used [0x00000000eab00000,0x00000000ec9c8838,0x00000000f0900000)
  from space 9216K, 81% used [0x00000000f1500000,0x00000000f1c5ac10,0x00000000f1e00000)
  to   space 10752K, 0% used [0x00000000f0900000,0x00000000f0900000,0x00000000f1380000)
 ParOldGen       total 66560K, used 12490K [0x00000000c0000000, 0x00000000c4100000, 0x00000000eab00000)
  object space 66560K, 18% used [0x00000000c0000000,0x00000000c0c328d0,0x00000000c4100000)
 Metaspace       used 34543K, capacity 35314K, committed 35416K, reserved 1079296K
  class space    used 4652K, capacity 4840K, committed 4864K, reserved 1048576K
Event: 7.051 GC heap after
Heap after GC invocations=8 (full 1):
 PSYoungGen      total 107008K, used 9629K [0x00000000eab00000, 0x00000000f4980000, 0x0000000100000000)
  eden space 96256K, 0% used [0x00000000eab00000,0x00000000eab00000,0x00000000f0900000)
  from space 10752K, 89% used [0x00000000f0900000,0x00000000f12675d8,0x00000000f1380000)
  to   space 11264K, 0% used [0x00000000f3e80000,0x00000000f3e80000,0x00000000f4980000)
 ParOldGen       total 66560K, used 12562K [0x00000000c0000000, 0x00000000c4100000, 0x00000000eab00000)
  object space 66560K, 18% used [0x00000000c0000000,0x00000000c0c448e0,0x00000000c4100000)
 Metaspace       used 34543K, capacity 35314K, committed 35416K, reserved 1079296K
  class space    used 4652K, capacity 4840K, committed 4864K, reserved 1048576K
}
Event: 7.051 GC heap before
{Heap before GC invocations=9 (full 2):
 PSYoungGen      total 107008K, used 9629K [0x00000000eab00000, 0x00000000f4980000, 0x0000000100000000)
  eden space 96256K, 0% used [0x00000000eab00000,0x00000000eab00000,0x00000000f0900000)
  from space 10752K, 89% used [0x00000000f0900000,0x00000000f12675d8,0x00000000f1380000)
  to   space 11264K, 0% used [0x00000000f3e80000,0x00000000f3e80000,0x00000000f4980000)
 ParOldGen       total 66560K, used 12562K [0x00000000c0000000, 0x00000000c4100000, 0x00000000eab00000)
  object space 66560K, 18% used [0x00000000c0000000,0x00000000c0c448e0,0x00000000c4100000)
 Metaspace       used 34543K, capacity 35314K, committed 35416K, reserved 1079296K
  class space    used 4652K, capacity 4840K, committed 4864K, reserved 1048576K
Event: 7.130 GC heap after
Heap after GC invocations=9 (full 2):
 PSYoungGen      total 107008K, used 0K [0x00000000eab00000, 0x00000000f4980000, 0x0000000100000000)
  eden space 96256K, 0% used [0x00000000eab00000,0x00000000eab00000,0x00000000f0900000)
  from space 10752K, 0% used [0x00000000f0900000,0x00000000f0900000,0x00000000f1380000)
  to   space 11264K, 0% used [0x00000000f3e80000,0x00000000f3e80000,0x00000000f4980000)
 ParOldGen       total 66560K, used 16149K [0x00000000c0000000, 0x00000000c4100000, 0x00000000eab00000)
  object space 66560K, 24% used [0x00000000c0000000,0x00000000c0fc54b0,0x00000000c4100000)
 Metaspace       used 34543K, capacity 35314K, committed 35416K, reserved 1079296K
  class space    used 4652K, capacity 4840K, committed 4864K, reserved 1048576K
}

