# JRE version: OpenJDK Runtime Environment (8.0_112-b06) (build 1.8.0_112-release-b06)
# Java VM: OpenJDK 64-Bit Server VM (25.112-b06 mixed mode windows-amd64 compressed oops)
Heap:
 PSYoungGen      total 148992K, used 66441K [0x00000000eab00000, 0x00000000f8500000, 0x0000000100000000)
  eden space 135168K, 40% used [0x00000000eab00000,0x00000000ee056360,0x00000000f2f00000)
  from space 13824K, 85% used [0x00000000f2f00000,0x00000000f3a8c190,0x00000000f3c80000)
  to   space 14848K, 0% used [0x00000000f7680000,0x00000000f7680000,0x00000000f8500000)
 ParOldGen       total 74240K, used 13367K [0x00000000c0000000, 0x00000000c4880000, 0x00000000eab00000)
  object space 74240K, 18% used [0x00000000c0000000,0x00000000c0d0df78,0x00000000c4880000)
 Metaspace       used 46120K, capacity 47354K, committed 47488K, reserved 1089536K
  class space    used 6204K, capacity 6493K, committed 6528K, reserved 1048576K
GC Heap History (10 events):
Event: 4.661 GC heap before
{Heap before GC invocations=5 (full 1):
 PSYoungGen      total 71680K, used 66560K [0x00000000eab00000, 0x00000000f3700000, 0x0000000100000000)
  eden space 66560K, 100% used [0x00000000eab00000,0x00000000eec00000,0x00000000eec00000)
  from space 5120K, 0% used [0x00000000eec00000,0x00000000eec00000,0x00000000ef100000)
  to   space 5120K, 0% used [0x00000000f3200000,0x00000000f3200000,0x00000000f3700000)
 ParOldGen       total 74240K, used 12853K [0x00000000c0000000, 0x00000000c4880000, 0x00000000eab00000)
  object space 74240K, 17% used [0x00000000c0000000,0x00000000c0c8d670,0x00000000c4880000)
 Metaspace       used 25631K, capacity 26068K, committed 26240K, reserved 1071104K
  class space    used 3549K, capacity 3660K, committed 3712K, reserved 1048576K
Event: 4.676 GC heap after
Heap after GC invocations=5 (full 1):
 PSYoungGen      total 100864K, used 5114K [0x00000000eab00000, 0x00000000f3700000, 0x0000000100000000)
  eden space 95744K, 0% used [0x00000000eab00000,0x00000000eab00000,0x00000000f0880000)
  from space 5120K, 99% used [0x00000000f3200000,0x00000000f36fea18,0x00000000f3700000)
  to   space 5120K, 0% used [0x00000000f2d00000,0x00000000f2d00000,0x00000000f3200000)
 ParOldGen       total 74240K, used 15460K [0x00000000c0000000, 0x00000000c4880000, 0x00000000eab00000)
  object space 74240K, 20% used [0x00000000c0000000,0x00000000c0f190e0,0x00000000c4880000)
 Metaspace       used 25631K, capacity 26068K, committed 26240K, reserved 1071104K
  class space    used 3549K, capacity 3660K, committed 3712K, reserved 1048576K
}
Event: 6.258 GC heap before
{Heap before GC invocations=6 (full 1):
 PSYoungGen      total 100864K, used 100858K [0x00000000eab00000, 0x00000000f3700000, 0x0000000100000000)
  eden space 95744K, 100% used [0x00000000eab00000,0x00000000f0880000,0x00000000f0880000)
  from space 5120K, 99% used [0x00000000f3200000,0x00000000f36fea18,0x00000000f3700000)
  to   space 5120K, 0% used [0x00000000f2d00000,0x00000000f2d00000,0x00000000f3200000)
 ParOldGen       total 74240K, used 15460K [0x00000000c0000000, 0x00000000c4880000, 0x00000000eab00000)
  object space 74240K, 20% used [0x00000000c0000000,0x00000000c0f190e0,0x00000000c4880000)
 Metaspace       used 34121K, capacity 34662K, committed 35072K, reserved 1079296K
  class space    used 4571K, capacity 4740K, committed 4864K, reserved 1048576K
Event: 6.270 GC heap after
Heap after GC invocations=6 (full 1):
 PSYoungGen      total 138240K, used 5104K [0x00000000eab00000, 0x00000000f4a00000, 0x0000000100000000)
  eden space 133120K, 0% used [0x00000000eab00000,0x00000000eab00000,0x00000000f2d00000)
  from space 5120K, 99% used [0x00000000f2d00000,0x00000000f31fc020,0x00000000f3200000)
  to   space 13824K, 0% used [0x00000000f3c80000,0x00000000f3c80000,0x00000000f4a00000)
 ParOldGen       total 74240K, used 21276K [0x00000000c0000000, 0x00000000c4880000, 0x00000000eab00000)
  object space 74240K, 28% used [0x00000000c0000000,0x00000000c14c7068,0x00000000c4880000)
 Metaspace       used 34121K, capacity 34662K, committed 35072K, reserved 1079296K
  class space    used 4571K, capacity 4740K, committed 4864K, reserved 1048576K
}
Event: 6.400 GC heap before
{Heap before GC invocations=7 (full 1):
 PSYoungGen      total 138240K, used 18619K [0x00000000eab00000, 0x00000000f4a00000, 0x0000000100000000)
  eden space 133120K, 10% used [0x00000000eab00000,0x00000000eb832dd0,0x00000000f2d00000)
  from space 5120K, 99% used [0x00000000f2d00000,0x00000000f31fc020,0x00000000f3200000)
  to   space 13824K, 0% used [0x00000000f3c80000,0x00000000f3c80000,0x00000000f4a00000)
 ParOldGen       total 74240K, used 21276K [0x00000000c0000000, 0x00000000c4880000, 0x00000000eab00000)
  object space 74240K, 28% used [0x00000000c0000000,0x00000000c14c7068,0x00000000c4880000)
 Metaspace       used 34871K, capacity 35340K, committed 35496K, reserved 1079296K
  class space    used 4672K, capacity 4837K, committed 4864K, reserved 1048576K
Event: 6.406 GC heap after
Heap after GC invocations=7 (full 1):
 PSYoungGen      total 148992K, used 6142K [0x00000000eab00000, 0x00000000f9100000, 0x0000000100000000)
  eden space 135168K, 0% used [0x00000000eab00000,0x00000000eab00000,0x00000000f2f00000)
  from space 13824K, 44% used [0x00000000f3c80000,0x00000000f427f878,0x00000000f4a00000)
  to   space 13824K, 0% used [0x00000000f2f00000,0x00000000f2f00000,0x00000000f3c80000)
 ParOldGen       total 74240K, used 21284K [0x00000000c0000000, 0x00000000c4880000, 0x00000000eab00000)
  object space 74240K, 28% used [0x00000000c0000000,0x00000000c14c9068,0x00000000c4880000)
 Metaspace       used 34871K, capacity 35340K, committed 35496K, reserved 1079296K
  class space    used 4672K, capacity 4837K, committed 4864K, reserved 1048576K
}
Event: 6.406 GC heap before
{Heap before GC invocations=8 (full 2):
 PSYoungGen      total 148992K, used 6142K [0x00000000eab00000, 0x00000000f9100000, 0x0000000100000000)
  eden space 135168K, 0% used [0x00000000eab00000,0x00000000eab00000,0x00000000f2f00000)
  from space 13824K, 44% used [0x00000000f3c80000,0x00000000f427f878,0x00000000f4a00000)
  to   space 13824K, 0% used [0x00000000f2f00000,0x00000000f2f00000,0x00000000f3c80000)
 ParOldGen       total 74240K, used 21284K [0x00000000c0000000, 0x00000000c4880000, 0x00000000eab00000)
  object space 74240K, 28% used [0x00000000c0000000,0x00000000c14c9068,0x00000000c4880000)
 Metaspace       used 34871K, capacity 35340K, committed 35496K, reserved 1079296K
  class space    used 4672K, capacity 4837K, committed 4864K, reserved 1048576K
Event: 6.483 GC heap after
Heap after GC invocations=8 (full 2):
 PSYoungGen      total 148992K, used 0K [0x00000000eab00000, 0x00000000f9100000, 0x0000000100000000)
  eden space 135168K, 0% used [0x00000000eab00000,0x00000000eab00000,0x00000000f2f00000)
  from space 13824K, 0% used [0x00000000f3c80000,0x00000000f3c80000,0x00000000f4a00000)
  to   space 13824K, 0% used [0x00000000f2f00000,0x00000000f2f00000,0x00000000f3c80000)
 ParOldGen       total 74240K, used 13359K [0x00000000c0000000, 0x00000000c4880000, 0x00000000eab00000)
  object space 74240K, 17% used [0x00000000c0000000,0x00000000c0d0bf78,0x00000000c4880000)
 Metaspace       used 34871K, capacity 35340K, committed 35496K, reserved 1079296K
  class space    used 4672K, capacity 4837K, committed 4864K, reserved 1048576K
}
Event: 8.150 GC heap before
{Heap before GC invocations=9 (full 2):
 PSYoungGen      total 148992K, used 135168K [0x00000000eab00000, 0x00000000f9100000, 0x0000000100000000)
  eden space 135168K, 100% used [0x00000000eab00000,0x00000000f2f00000,0x00000000f2f00000)
  from space 13824K, 0% used [0x00000000f3c80000,0x00000000f3c80000,0x00000000f4a00000)
  to   space 13824K, 0% used [0x00000000f2f00000,0x00000000f2f00000,0x00000000f3c80000)
 ParOldGen       total 74240K, used 13359K [0x00000000c0000000, 0x00000000c4880000, 0x00000000eab00000)
  object space 74240K, 17% used [0x00000000c0000000,0x00000000c0d0bf78,0x00000000c4880000)
 Metaspace       used 43218K, capacity 44062K, committed 44160K, reserved 1087488K
  class space    used 5777K, capacity 6013K, committed 6016K, reserved 1048576K
Event: 8.162 GC heap after
Heap after GC invocations=9 (full 2):
 PSYoungGen      total 148992K, used 11824K [0x00000000eab00000, 0x00000000f8500000, 0x0000000100000000)
  eden space 135168K, 0% used [0x00000000eab00000,0x00000000eab00000,0x00000000f2f00000)
  from space 13824K, 85% used [0x00000000f2f00000,0x00000000f3a8c190,0x00000000f3c80000)
  to   space 14848K, 0% used [0x00000000f7680000,0x00000000f7680000,0x00000000f8500000)
 ParOldGen       total 74240K, used 13367K [0x00000000c0000000, 0x00000000c4880000, 0x00000000eab00000)
  object space 74240K, 18% used [0x00000000c0000000,0x00000000c0d0df78,0x00000000c4880000)
 Metaspace       used 43218K, capacity 44062K, committed 44160K, reserved 1087488K
  class space    used 5777K, capacity 6013K, committed 6016K, reserved 1048576K
}

