# JRE version: OpenJDK Runtime Environment (8.0_112-b06) (build 1.8.0_112-release-b06)
# Java VM: OpenJDK 64-Bit Server VM (25.112-b06 mixed mode windows-amd64 compressed oops)
Heap:
 PSYoungGen      total 146432K, used 44988K [0x00000000eab00000, 0x00000000f4c80000, 0x0000000100000000)
  eden space 134144K, 24% used [0x00000000eab00000,0x00000000ecaf1da0,0x00000000f2e00000)
  from space 12288K, 99% used [0x00000000f3480000,0x00000000f407d380,0x00000000f4080000)
  to   space 10240K, 0% used [0x00000000f4280000,0x00000000f4280000,0x00000000f4c80000)
 ParOldGen       total 102400K, used 22084K [0x00000000c0000000, 0x00000000c6400000, 0x00000000eab00000)
  object space 102400K, 21% used [0x00000000c0000000,0x00000000c1591220,0x00000000c6400000)
 Metaspace       used 50169K, capacity 51682K, committed 51968K, reserved 1093632K
  class space    used 6764K, capacity 7093K, committed 7168K, reserved 1048576K
GC Heap History (10 events):
Event: 5.534 GC heap before
{Heap before GC invocations=7 (full 1):
 PSYoungGen      total 71680K, used 71672K [0x00000000eab00000, 0x00000000f2200000, 0x0000000100000000)
  eden space 66560K, 100% used [0x00000000eab00000,0x00000000eec00000,0x00000000eec00000)
  from space 5120K, 99% used [0x00000000eec00000,0x00000000ef0fe138,0x00000000ef100000)
  to   space 11264K, 0% used [0x00000000f1700000,0x00000000f1700000,0x00000000f2200000)
 ParOldGen       total 65536K, used 12583K [0x00000000c0000000, 0x00000000c4000000, 0x00000000eab00000)
  object space 65536K, 19% used [0x00000000c0000000,0x00000000c0c49f40,0x00000000c4000000)
 Metaspace       used 29297K, capacity 29742K, committed 30080K, reserved 1075200K
  class space    used 3979K, capacity 4115K, committed 4224K, reserved 1048576K
Event: 5.542 GC heap after
Heap after GC invocations=7 (full 1):
 PSYoungGen      total 106496K, used 6568K [0x00000000eab00000, 0x00000000f1f80000, 0x0000000100000000)
  eden space 97792K, 0% used [0x00000000eab00000,0x00000000eab00000,0x00000000f0a80000)
  from space 8704K, 75% used [0x00000000f1700000,0x00000000f1d6a288,0x00000000f1f80000)
  to   space 10752K, 0% used [0x00000000f0a80000,0x00000000f0a80000,0x00000000f1500000)
 ParOldGen       total 65536K, used 12655K [0x00000000c0000000, 0x00000000c4000000, 0x00000000eab00000)
  object space 65536K, 19% used [0x00000000c0000000,0x00000000c0c5bf50,0x00000000c4000000)
 Metaspace       used 29297K, capacity 29742K, committed 30080K, reserved 1075200K
  class space    used 3979K, capacity 4115K, committed 4224K, reserved 1048576K
}
Event: 6.304 GC heap before
{Heap before GC invocations=8 (full 1):
 PSYoungGen      total 106496K, used 44113K [0x00000000eab00000, 0x00000000f1f80000, 0x0000000100000000)
  eden space 97792K, 38% used [0x00000000eab00000,0x00000000ecfaa468,0x00000000f0a80000)
  from space 8704K, 75% used [0x00000000f1700000,0x00000000f1d6a288,0x00000000f1f80000)
  to   space 10752K, 0% used [0x00000000f0a80000,0x00000000f0a80000,0x00000000f1500000)
 ParOldGen       total 65536K, used 12655K [0x00000000c0000000, 0x00000000c4000000, 0x00000000eab00000)
  object space 65536K, 19% used [0x00000000c0000000,0x00000000c0c5bf50,0x00000000c4000000)
 Metaspace       used 34778K, capacity 35344K, committed 35496K, reserved 1079296K
  class space    used 4666K, capacity 4837K, committed 4864K, reserved 1048576K
Event: 6.313 GC heap after
Heap after GC invocations=8 (full 1):
 PSYoungGen      total 108544K, used 9688K [0x00000000eab00000, 0x00000000f4d80000, 0x0000000100000000)
  eden space 97792K, 0% used [0x00000000eab00000,0x00000000eab00000,0x00000000f0a80000)
  from space 10752K, 90% used [0x00000000f0a80000,0x00000000f13f6028,0x00000000f1500000)
  to   space 11264K, 0% used [0x00000000f4280000,0x00000000f4280000,0x00000000f4d80000)
 ParOldGen       total 65536K, used 12663K [0x00000000c0000000, 0x00000000c4000000, 0x00000000eab00000)
  object space 65536K, 19% used [0x00000000c0000000,0x00000000c0c5df50,0x00000000c4000000)
 Metaspace       used 34778K, capacity 35344K, committed 35496K, reserved 1079296K
  class space    used 4666K, capacity 4837K, committed 4864K, reserved 1048576K
}
Event: 6.313 GC heap before
{Heap before GC invocations=9 (full 2):
 PSYoungGen      total 108544K, used 9688K [0x00000000eab00000, 0x00000000f4d80000, 0x0000000100000000)
  eden space 97792K, 0% used [0x00000000eab00000,0x00000000eab00000,0x00000000f0a80000)
  from space 10752K, 90% used [0x00000000f0a80000,0x00000000f13f6028,0x00000000f1500000)
  to   space 11264K, 0% used [0x00000000f4280000,0x00000000f4280000,0x00000000f4d80000)
 ParOldGen       total 65536K, used 12663K [0x00000000c0000000, 0x00000000c4000000, 0x00000000eab00000)
  object space 65536K, 19% used [0x00000000c0000000,0x00000000c0c5df50,0x00000000c4000000)
 Metaspace       used 34778K, capacity 35344K, committed 35496K, reserved 1079296K
  class space    used 4666K, capacity 4837K, committed 4864K, reserved 1048576K
Event: 6.380 GC heap after
Heap after GC invocations=9 (full 2):
 PSYoungGen      total 108544K, used 0K [0x00000000eab00000, 0x00000000f4d80000, 0x0000000100000000)
  eden space 97792K, 0% used [0x00000000eab00000,0x00000000eab00000,0x00000000f0a80000)
  from space 10752K, 0% used [0x00000000f0a80000,0x00000000f0a80000,0x00000000f1500000)
  to   space 11264K, 0% used [0x00000000f4280000,0x00000000f4280000,0x00000000f4d80000)
 ParOldGen       total 102400K, used 16055K [0x00000000c0000000, 0x00000000c6400000, 0x00000000eab00000)
  object space 102400K, 15% used [0x00000000c0000000,0x00000000c0fadc28,0x00000000c6400000)
 Metaspace       used 34778K, capacity 35344K, committed 35496K, reserved 1079296K
  class space    used 4666K, capacity 4837K, committed 4864K, reserved 1048576K
}
Event: 7.687 GC heap before
{Heap before GC invocations=10 (full 2):
 PSYoungGen      total 108544K, used 97792K [0x00000000eab00000, 0x00000000f4d80000, 0x0000000100000000)
  eden space 97792K, 100% used [0x00000000eab00000,0x00000000f0a80000,0x00000000f0a80000)
  from space 10752K, 0% used [0x00000000f0a80000,0x00000000f0a80000,0x00000000f1500000)
  to   space 11264K, 0% used [0x00000000f4280000,0x00000000f4280000,0x00000000f4d80000)
 ParOldGen       total 102400K, used 16055K [0x00000000c0000000, 0x00000000c6400000, 0x00000000eab00000)
  object space 102400K, 15% used [0x00000000c0000000,0x00000000c0fadc28,0x00000000c6400000)
 Metaspace       used 42821K, capacity 43604K, committed 43904K, reserved 1087488K
  class space    used 5743K, capacity 5958K, committed 6016K, reserved 1048576K
Event: 7.700 GC heap after
Heap after GC invocations=10 (full 2):
 PSYoungGen      total 144384K, used 9912K [0x00000000eab00000, 0x00000000f4c80000, 0x0000000100000000)
  eden space 134144K, 0% used [0x00000000eab00000,0x00000000eab00000,0x00000000f2e00000)
  from space 10240K, 96% used [0x00000000f4280000,0x00000000f4c2e0e8,0x00000000f4c80000)
  to   space 12288K, 0% used [0x00000000f3480000,0x00000000f3480000,0x00000000f4080000)
 ParOldGen       total 102400K, used 16063K [0x00000000c0000000, 0x00000000c6400000, 0x00000000eab00000)
  object space 102400K, 15% used [0x00000000c0000000,0x00000000c0fafc28,0x00000000c6400000)
 Metaspace       used 42821K, capacity 43604K, committed 43904K, reserved 1087488K
  class space    used 5743K, capacity 5958K, committed 6016K, reserved 1048576K
}
Event: 9.273 GC heap before
{Heap before GC invocations=11 (full 2):
 PSYoungGen      total 144384K, used 144056K [0x00000000eab00000, 0x00000000f4c80000, 0x0000000100000000)
  eden space 134144K, 100% used [0x00000000eab00000,0x00000000f2e00000,0x00000000f2e00000)
  from space 10240K, 96% used [0x00000000f4280000,0x00000000f4c2e0e8,0x00000000f4c80000)
  to   space 12288K, 0% used [0x00000000f3480000,0x00000000f3480000,0x00000000f4080000)
 ParOldGen       total 102400K, used 16063K [0x00000000c0000000, 0x00000000c6400000, 0x00000000eab00000)
  object space 102400K, 15% used [0x00000000c0000000,0x00000000c0fafc28,0x00000000c6400000)
 Metaspace       used 48860K, capacity 50240K, committed 50432K, reserved 1093632K
  class space    used 6599K, capacity 6874K, committed 6912K, reserved 1048576K
Event: 9.292 GC heap after
Heap after GC invocations=11 (full 2):
 PSYoungGen      total 146432K, used 12276K [0x00000000eab00000, 0x00000000f4c80000, 0x0000000100000000)
  eden space 134144K, 0% used [0x00000000eab00000,0x00000000eab00000,0x00000000f2e00000)
  from space 12288K, 99% used [0x00000000f3480000,0x00000000f407d380,0x00000000f4080000)
  to   space 10240K, 0% used [0x00000000f4280000,0x00000000f4280000,0x00000000f4c80000)
 ParOldGen       total 102400K, used 22084K [0x00000000c0000000, 0x00000000c6400000, 0x00000000eab00000)
  object space 102400K, 21% used [0x00000000c0000000,0x00000000c1591220,0x00000000c6400000)
 Metaspace       used 48860K, capacity 50240K, committed 50432K, reserved 1093632K
  class space    used 6599K, capacity 6874K, committed 6912K, reserved 1048576K
}

